<?xml version="1.0" encoding="UTF-8"?>
<testsuite xmlns:xsi="http://www.w3.org/2001/XMLSchema-instance" xsi:noNamespaceSchemaLocation="https://maven.apache.org/surefire/maven-surefire-plugin/xsd/surefire-test-report-3.0.xsd" version="3.0" name="com.example.dao.LeitorRedisDAOTest" time="0.101" tests="5" errors="0" skipped="0" failures="0">
  <properties>
[...]
</properties>
  <testcase name="testFindAll" classname="com.example.dao.LeitorRedisDAOTest" time="0.031">
    <system-out><![CDATA[2024-08-05 21:59:31.403  INFO 15852 --- [           main] .b.t.c.SpringBootTestContextBootstrapper : Neither @ContextConfiguration nor @ContextHierarchy found for test class [com.example.dao.LeitorRedisDAOTest], using SpringBootContextLoader
2024-08-05 21:59:31.403  INFO 15852 --- [           main] o.s.t.c.support.AbstractContextLoader    : Could not detect default resource locations for test class [com.example.dao.LeitorRedisDAOTest]: no resource found for suffixes {-context.xml, Context.groovy}.
2024-08-05 21:59:31.403  INFO 15852 --- [           main] t.c.s.AnnotationConfigContextLoaderUtils : Could not detect default configuration classes for test class [com.example.dao.LeitorRedisDAOTest]: LeitorRedisDAOTest does not declare any static, non-private, non-final, nested classes annotated with @Configuration.
2024-08-05 21:59:31.411  INFO 15852 --- [           main] .b.t.c.SpringBootTestContextBootstrapper : Found @SpringBootConfiguration com.example.App for test class com.example.dao.LeitorRedisDAOTest
2024-08-05 21:59:31.413  INFO 15852 --- [           main] .b.t.c.SpringBootTestContextBootstrapper : Loaded default TestExecutionListener class names from location [META-INF/spring.factories]: [org.springframework.boot.test.mock.mockito.MockitoTestExecutionListener, org.springframework.boot.test.mock.mockito.ResetMocksTestExecutionListener, org.springframework.boot.test.autoconfigure.restdocs.RestDocsTestExecutionListener, org.springframework.boot.test.autoconfigure.web.client.MockRestServiceServerResetTestExecutionListener, org.springframework.boot.test.autoconfigure.web.servlet.MockMvcPrintOnlyOnFailureTestExecutionListener, org.springframework.boot.test.autoconfigure.web.servlet.WebDriverTestExecutionListener, org.springframework.boot.test.autoconfigure.webservices.client.MockWebServiceServerTestExecutionListener, org.springframework.test.context.web.ServletTestExecutionListener, org.springframework.test.context.support.DirtiesContextBeforeModesTestExecutionListener, org.springframework.test.context.event.ApplicationEventsTestExecutionListener, org.springframework.test.context.support.DependencyInjectionTestExecutionListener, org.springframework.test.context.support.DirtiesContextTestExecutionListener, org.springframework.test.context.transaction.TransactionalTestExecutionListener, org.springframework.test.context.jdbc.SqlScriptsTestExecutionListener, org.springframework.test.context.event.EventPublishingTestExecutionListener]
2024-08-05 21:59:31.413  INFO 15852 --- [           main] .b.t.c.SpringBootTestContextBootstrapper : Using TestExecutionListeners: [org.springframework.test.context.web.ServletTestExecutionListener@5702e6f3, org.springframework.test.context.support.DirtiesContextBeforeModesTestExecutionListener@5687e92d, org.springframework.test.context.event.ApplicationEventsTestExecutionListener@2eef43f5, org.springframework.boot.test.mock.mockito.MockitoTestExecutionListener@2c10f9f3, org.springframework.boot.test.autoconfigure.SpringBootDependencyInjectionTestExecutionListener@6c65a7fc, org.springframework.test.context.support.DirtiesContextTestExecutionListener@5c2f5dc, org.springframework.test.context.transaction.TransactionalTestExecutionListener@5166fe7a, org.springframework.test.context.jdbc.SqlScriptsTestExecutionListener@7a925ac4, org.springframework.test.context.event.EventPublishingTestExecutionListener@3b09582d, org.springframework.boot.test.mock.mockito.ResetMocksTestExecutionListener@29f72685, org.springframework.boot.test.autoconfigure.restdocs.RestDocsTestExecutionListener@4f8488ef, org.springframework.boot.test.autoconfigure.web.client.MockRestServiceServerResetTestExecutionListener@27a8bfa1, org.springframework.boot.test.autoconfigure.web.servlet.MockMvcPrintOnlyOnFailureTestExecutionListener@56114349, org.springframework.boot.test.autoconfigure.web.servlet.WebDriverTestExecutionListener@46c28400, org.springframework.boot.test.autoconfigure.webservices.client.MockWebServiceServerTestExecutionListener@2d6abfc7]
]]></system-out>
  </testcase>
  <testcase name="testUpdateLeitor" classname="com.example.dao.LeitorRedisDAOTest" time="0.016"/>
  <testcase name="testDeleteLeitor" classname="com.example.dao.LeitorRedisDAOTest" time="0.01"/>
  <testcase name="testSaveAndFindById_SecondLeitor" classname="com.example.dao.LeitorRedisDAOTest" time="0.015"/>
  <testcase name="testSaveAndFindById" classname="com.example.dao.LeitorRedisDAOTest" time="0.007"/>
</testsuite>